<?xml version="1.0" encoding="UTF-8"?>
<testsuite name="nl.fontys.game.Test.SoloGameTestM" tests="1" skipped="0" failures="0" errors="0" timestamp="2022-01-19T22:26:27" hostname="DESKTOP-K2KP3T2" time="0.741">
  <properties/>
  <testcase name="testVerifyBasics()" classname="nl.fontys.game.Test.SoloGameTestM" time="0.741"/>
  <system-out><![CDATA[]]></system-out>
  <system-err><![CDATA[]]></system-err>
</testsuite>
